<?xml version="1.0" encoding="UTF-8"?>
<!-- Generated by org.testng.reporters.JUnitReportReporter -->
<testsuite skipped="0" hostname="LAPTOP-7VNC4V5A" name="com.nopcommerce.TestSuite" tests="1" failures="0" timestamp="2020-03-21T17:26:36 GMT" time="5.696" errors="0">
  <testcase name="userShouldAbleToChangeCurrency" time="5.696" classname="com.nopcommerce.TestSuite"/>
  <system-out/>
</testsuite> <!-- com.nopcommerce.TestSuite -->
